Build started 12/10/2014 3:07:35 AM.
     1>Project "C:\Users\Doom1024\Documents\GitHub\ECE30862_ZORK\Zork_Project\Zork_Project\Zork_Project.vcxproj" on node 2 (Build target(s)).
     1>ClCompile:
         E:\Program Files (x86)\VC\bin\CL.exe /c /ZI /nologo /W3 /WX- /Od /Oy- /D WIN32 /D _DEBUG /D _CONSOLE /D _LIB /D _UNICODE /D UNICODE /Gm /EHsc /RTC1 /MDd /GS /fp:precise /Zc:wchar_t /Zc:forScope /Fo"Debug\\" /Fd"Debug\vc120.pdb" /Gd /TP /analyze- /errorReport:prompt User_Input.cpp main.cpp
         main.cpp
     1>c:\users\doom1024\documents\github\ece30862_zork\zork_project\zork_project\rapidxml_utils.hpp(40): warning C4244: 'initializing' : conversion from 'std::streamoff' to 'size_t', possible loss of data
                 c:\users\doom1024\documents\github\ece30862_zork\zork_project\zork_project\rapidxml_utils.hpp(28) : while compiling class template member function 'rapidxml::file<char>::file(const char *)'
                 c:\users\doom1024\documents\github\ece30862_zork\zork_project\zork_project\main.cpp(21) : see reference to function template instantiation 'rapidxml::file<char>::file(const char *)' being compiled
                 c:\users\doom1024\documents\github\ece30862_zork\zork_project\zork_project\main.cpp(21) : see reference to class template instantiation 'rapidxml::file<char>' being compiled
         Generating Code...
         Skipping... (no relevant changes detected)
         User_Input.cpp
       Link:
         E:\Program Files (x86)\VC\bin\link.exe /ERRORREPORT:PROMPT /OUT:"C:\Users\Doom1024\Documents\GitHub\ECE30862_ZORK\Zork_Project\Debug\Zork_Project.exe" /INCREMENTAL /NOLOGO kernel32.lib user32.lib gdi32.lib winspool.lib comdlg32.lib advapi32.lib shell32.lib ole32.lib oleaut32.lib uuid.lib odbc32.lib odbccp32.lib /MANIFEST /MANIFESTUAC:"level='asInvoker' uiAccess='false'" /manifest:embed /DEBUG /PDB:"C:\Users\Doom1024\Documents\GitHub\ECE30862_ZORK\Zork_Project\Debug\Zork_Project.pdb" /SUBSYSTEM:CONSOLE /TLBID:1 /DYNAMICBASE /NXCOMPAT /IMPLIB:"C:\Users\Doom1024\Documents\GitHub\ECE30862_ZORK\Zork_Project\Debug\Zork_Project.lib" /MACHINE:X86 Debug\Zork_Project.res
         Debug\main.obj
         Debug\stdafx.obj
         Debug\User_Input.obj
         Debug\Zork_Project.obj
         Zork_Project.vcxproj -> C:\Users\Doom1024\Documents\GitHub\ECE30862_ZORK\Zork_Project\Debug\Zork_Project.exe
     1>Done Building Project "C:\Users\Doom1024\Documents\GitHub\ECE30862_ZORK\Zork_Project\Zork_Project\Zork_Project.vcxproj" (Build target(s)).

Build succeeded.

Time Elapsed 00:00:01.11
